120 INFO: PyInstaller: 6.19.0, contrib hooks: 2026.0
120 INFO: Python: 3.12.4
140 INFO: Platform: Windows-11-10.0.22631-SP0
140 INFO: Python environment: C:\Users\sergi\PycharmProjects\Farmatracker_2.0\.venv
142 INFO: wrote C:\Users\sergi\PycharmProjects\Farmatracker_2.0\FarmaTrack.spec
143 INFO: Removing temporary files and cleaning cache in C:\Users\sergi\AppData\Local\pyinstaller
2819 INFO: Module search paths (PYTHONPATH):
['C:\\Users\\sergi\\PycharmProjects\\Farmatracker_2.0\\.venv\\Scripts\\pyinstaller.exe',
 'C:\\Users\\sergi\\PycharmProjects\\Farmatracker_2.0',
 'C:\\Users\\sergi\\AppData\\Local\\Programs\\Python\\Python312\\python312.zip',
 'C:\\Users\\sergi\\AppData\\Local\\Programs\\Python\\Python312\\DLLs',
 'C:\\Users\\sergi\\AppData\\Local\\Programs\\Python\\Python312\\Lib',
 'C:\\Users\\sergi\\AppData\\Local\\Programs\\Python\\Python312',
 'C:\\Users\\sergi\\PycharmProjects\\Farmatracker_2.0\\.venv',
 'C:\\Users\\sergi\\PycharmProjects\\Farmatracker_2.0\\.venv\\Lib\\site-packages',
 'C:\\Users\\sergi\\PycharmProjects\\Farmatracker_2.0\\.venv\\Lib\\site-packages\\win32',
 'C:\\Users\\sergi\\PycharmProjects\\Farmatracker_2.0\\.venv\\Lib\\site-packages\\win32\\lib',
 'C:\\Users\\sergi\\PycharmProjects\\Farmatracker_2.0\\.venv\\Lib\\site-packages\\Pythonwin',
 'C:\\Users\\sergi\\PycharmProjects\\Farmatracker_2.0']
3157 INFO: Appending 'binaries' from .spec
3157 INFO: Appending 'datas' from .spec
3180 INFO: checking Analysis
3180 INFO: Building Analysis because Analysis-00.toc is non existent
3180 INFO: Looking for Python shared library...
3180 INFO: Using Python shared library: C:\Users\sergi\AppData\Local\Programs\Python\Python312\python312.dll
3180 INFO: Running Analysis Analysis-00.toc
3180 INFO: Target bytecode optimization level: 0
3180 INFO: Initializing module dependency graph...
3181 INFO: Initializing module graph hook caches...
3195 INFO: Analyzing modules for base_library.zip ...
3954 INFO: Processing standard module hook 'hook-encodings.py' from 'C:\\Users\\sergi\\PycharmProjects\\Farmatracker_2.0\\.venv\\Lib\\site-packages\\PyInstaller\\hooks'
5589 INFO: Processing standard module hook 'hook-pickle.py' from 'C:\\Users\\sergi\\PycharmProjects\\Farmatracker_2.0\\.venv\\Lib\\site-packages\\PyInstaller\\hooks'
6441 INFO: Processing standard module hook 'hook-heapq.py' from 'C:\\Users\\sergi\\PycharmProjects\\Farmatracker_2.0\\.venv\\Lib\\site-packages\\PyInstaller\\hooks'
6838 INFO: Caching module dependency graph...
6873 INFO: Analyzing C:\Users\sergi\PycharmProjects\Farmatracker_2.0\main.py
6880 INFO: Processing standard module hook 'hook-customtkinter.py' from 'C:\\Users\\sergi\\PycharmProjects\\Farmatracker_2.0\\.venv\\Lib\\site-packages\\_pyinstaller_hooks_contrib\\stdhooks'
6954 INFO: Processing pre-find-module-path hook 'hook-tkinter.py' from 'C:\\Users\\sergi\\PycharmProjects\\Farmatracker_2.0\\.venv\\Lib\\site-packages\\PyInstaller\\hooks\\pre_find_module_path'
6955 INFO: TclTkInfo: initializing cached Tcl/Tk info...
7240 INFO: Processing standard module hook 'hook-_tkinter.py' from 'C:\\Users\\sergi\\PycharmProjects\\Farmatracker_2.0\\.venv\\Lib\\site-packages\\PyInstaller\\hooks'
7303 INFO: Processing standard module hook 'hook-platform.py' from 'C:\\Users\\sergi\\PycharmProjects\\Farmatracker_2.0\\.venv\\Lib\\site-packages\\PyInstaller\\hooks'
7319 INFO: Processing standard module hook 'hook-_ctypes.py' from 'C:\\Users\\sergi\\PycharmProjects\\Farmatracker_2.0\\.venv\\Lib\\site-packages\\PyInstaller\\hooks'
7321 INFO: Processing pre-safe-import-module hook 'hook-packaging.py' from 'C:\\Users\\sergi\\PycharmProjects\\Farmatracker_2.0\\.venv\\Lib\\site-packages\\PyInstaller\\hooks\\pre_safe_import_module'
7322 INFO: SetuptoolsInfo: initializing cached setuptools info...
7829 INFO: Processing pre-safe-import-module hook 'hook-typing_extensions.py' from 'C:\\Users\\sergi\\PycharmProjects\\Farmatracker_2.0\\.venv\\Lib\\site-packages\\PyInstaller\\hooks\\pre_safe_import_module'
8061 INFO: Processing standard module hook 'hook-PIL.py' from 'C:\\Users\\sergi\\PycharmProjects\\Farmatracker_2.0\\.venv\\Lib\\site-packages\\PyInstaller\\hooks'
8156 INFO: Processing standard module hook 'hook-PIL.Image.py' from 'C:\\Users\\sergi\\PycharmProjects\\Farmatracker_2.0\\.venv\\Lib\\site-packages\\PyInstaller\\hooks'
8468 INFO: Processing standard module hook 'hook-numpy.py' from 'C:\\Users\\sergi\\PycharmProjects\\Farmatracker_2.0\\.venv\\Lib\\site-packages\\PyInstaller\\hooks'
9123 INFO: Processing standard module hook 'hook-sysconfig.py' from 'C:\\Users\\sergi\\PycharmProjects\\Farmatracker_2.0\\.venv\\Lib\\site-packages\\PyInstaller\\hooks'
9242 INFO: Processing standard module hook 'hook-multiprocessing.util.py' from 'C:\\Users\\sergi\\PycharmProjects\\Farmatracker_2.0\\.venv\\Lib\\site-packages\\PyInstaller\\hooks'
9372 INFO: Processing standard module hook 'hook-xml.py' from 'C:\\Users\\sergi\\PycharmProjects\\Farmatracker_2.0\\.venv\\Lib\\site-packages\\PyInstaller\\hooks'
9605 INFO: Processing standard module hook 'hook-difflib.py' from 'C:\\Users\\sergi\\PycharmProjects\\Farmatracker_2.0\\.venv\\Lib\\site-packages\\PyInstaller\\hooks'
10987 INFO: Processing standard module hook 'hook-charset_normalizer.py' from 'C:\\Users\\sergi\\PycharmProjects\\Farmatracker_2.0\\.venv\\Lib\\site-packages\\_pyinstaller_hooks_contrib\\stdhooks'
11245 INFO: Processing standard module hook 'hook-xml.etree.cElementTree.py' from 'C:\\Users\\sergi\\PycharmProjects\\Farmatracker_2.0\\.venv\\Lib\\site-packages\\PyInstaller\\hooks'
11317 INFO: Processing standard module hook 'hook-xml.dom.domreg.py' from 'C:\\Users\\sergi\\PycharmProjects\\Farmatracker_2.0\\.venv\\Lib\\site-packages\\PyInstaller\\hooks'
11664 INFO: Processing standard module hook 'hook-PIL.ImageFilter.py' from 'C:\\Users\\sergi\\PycharmProjects\\Farmatracker_2.0\\.venv\\Lib\\site-packages\\PyInstaller\\hooks'
Aborted by user request.
